<?xml version="1.0" encoding="UTF-8"?>
<!-- Generated by org.testng.reporters.JUnitReportReporter -->
<testsuite hostname="LTIN285955" failures="0" tests="9" name="TestCases.TC003_UpcomingBikePage" time="120.464" errors="0" timestamp="2024-02-01T19:06:56 IST" skipped="0">
  <testcase classname="TestCases.TC003_UpcomingBikePage" name="test1" time="0.653"/>
  <system-out/>
  <testcase classname="TestCases.TC003_UpcomingBikePage" name="test2" time="8.595"/>
  <system-out/>
  <testcase classname="TestCases.TC003_UpcomingBikePage" name="test3" time="26.706"/>
  <system-out/>
  <testcase classname="TestCases.TC003_UpcomingBikePage" name="test4" time="2.059"/>
  <system-out/>
  <testcase classname="TestCases.TC003_UpcomingBikePage" name="Test5" time="30.424"/>
  <system-out/>
  <testcase classname="TestCases.TC003_UpcomingBikePage" name="test6" time="31.801"/>
  <system-out/>
  <testcase classname="TestCases.TC003_UpcomingBikePage" name="test7" time="9.476"/>
  <system-out/>
  <testcase classname="TestCases.TC003_UpcomingBikePage" name="test8" time="2.445"/>
  <system-out/>
  <testcase classname="TestCases.TC003_UpcomingBikePage" name="Test9" time="8.305"/>
  <system-out/>
</testsuite> <!-- TestCases.TC003_UpcomingBikePage -->
