<?xml version="1.0" encoding="UTF-8"?>
<!-- Generated by org.testng.reporters.JUnitReportReporter -->
<testsuite hostname="LTIN285955" failures="0" tests="18" name="TestCases.TC003_UpcomingBikePage" time="119.056" errors="0" timestamp="2024-02-13T10:29:26 IST" skipped="0">
  <testcase classname="TestCases.TC003_UpcomingBikePage" name="titleValidation" time="0.382"/>
  <system-out/>
  <testcase classname="TestCases.TC003_UpcomingBikePage" name="titleValidation" time="0.322"/>
  <system-out/>
  <testcase classname="TestCases.TC003_UpcomingBikePage" name="clickOnUsedCars" time="8.673"/>
  <system-out/>
  <testcase classname="TestCases.TC003_UpcomingBikePage" name="clickOnUsedCars" time="7.165"/>
  <system-out/>
  <testcase classname="TestCases.TC003_UpcomingBikePage" name="popularModels" time="25.050"/>
  <system-out/>
  <testcase classname="TestCases.TC003_UpcomingBikePage" name="popularModels" time="24.690"/>
  <system-out/>
  <testcase classname="TestCases.TC003_UpcomingBikePage" name="returnHomePage1" time="0.897"/>
  <system-out/>
  <testcase classname="TestCases.TC003_UpcomingBikePage" name="returnHomePage1" time="1.844"/>
  <system-out/>
  <testcase classname="TestCases.TC003_UpcomingBikePage" name="clickOnUpcomingBikes" time="5.438"/>
  <system-out/>
  <testcase classname="TestCases.TC003_UpcomingBikePage" name="clickOnUpcomingBikes" time="3.991"/>
  <system-out/>
  <testcase classname="TestCases.TC003_UpcomingBikePage" name="selectingManufacture" time="1.025"/>
  <system-out/>
  <testcase classname="TestCases.TC003_UpcomingBikePage" name="selectingManufacture" time="2.229"/>
  <system-out/>
  <testcase classname="TestCases.TC003_UpcomingBikePage" name="displayBikeDetails" time="8.997"/>
  <system-out/>
  <testcase classname="TestCases.TC003_UpcomingBikePage" name="displayBikeDetails" time="8.732"/>
  <system-out/>
  <testcase classname="TestCases.TC003_UpcomingBikePage" name="returnHomePage2" time="1.020"/>
  <system-out/>
  <testcase classname="TestCases.TC003_UpcomingBikePage" name="returnHomePage2" time="1.646"/>
  <system-out/>
  <testcase classname="TestCases.TC003_UpcomingBikePage" name="clickOnLoginSignUp" time="8.037"/>
  <system-out/>
  <testcase classname="TestCases.TC003_UpcomingBikePage" name="clickOnLoginSignUp" time="8.918"/>
  <system-out/>
</testsuite> <!-- TestCases.TC003_UpcomingBikePage -->
