<?xml version="1.0" encoding="UTF-8"?>
<!-- Generated by org.testng.reporters.JUnitReportReporter -->
<testsuite hostname="LTIN285955" failures="0" tests="5" name="TestCases.TC002_UsedCars" time="115.875" errors="0" timestamp="2024-01-24T17:32:22 IST" skipped="0">
  <testcase classname="TestCases.TC002_UsedCars" name="test1" time="0.048"/>
  <system-out/>
  <testcase classname="TestCases.TC002_UsedCars" name="test3" time="31.470"/>
  <system-out/>
  <testcase classname="TestCases.TC002_UsedCars" name="test5" time="18.825"/>
  <system-out/>
  <testcase classname="TestCases.TC002_UsedCars" name="test7" time="31.856"/>
  <system-out/>
  <testcase classname="TestCases.TC002_UsedCars" name="Test4" time="33.676"/>
  <system-out/>
</testsuite> <!-- TestCases.TC002_UsedCars -->
