<?xml version="1.0" encoding="UTF-8"?>
<!-- Generated by org.testng.reporters.JUnitReportReporter -->
<testsuite hostname="LTIN285955" failures="0" tests="9" name="TestCases.TC003_UpcomingBikePage" time="163.229" errors="0" timestamp="2024-02-06T11:48:27 IST" skipped="0">
  <testcase classname="TestCases.TC003_UpcomingBikePage" name="test1" time="0.362"/>
  <system-out/>
  <testcase classname="TestCases.TC003_UpcomingBikePage" name="test2" time="56.815"/>
  <system-out/>
  <testcase classname="TestCases.TC003_UpcomingBikePage" name="test3" time="24.540"/>
  <system-out/>
  <testcase classname="TestCases.TC003_UpcomingBikePage" name="test4" time="31.713"/>
  <system-out/>
  <testcase classname="TestCases.TC003_UpcomingBikePage" name="Test5" time="31.538"/>
  <system-out/>
  <testcase classname="TestCases.TC003_UpcomingBikePage" name="test6" time="1.846"/>
  <system-out/>
  <testcase classname="TestCases.TC003_UpcomingBikePage" name="test7" time="7.829"/>
  <system-out/>
  <testcase classname="TestCases.TC003_UpcomingBikePage" name="test8" time="1.350"/>
  <system-out/>
  <testcase classname="TestCases.TC003_UpcomingBikePage" name="Test9" time="7.236"/>
  <system-out/>
</testsuite> <!-- TestCases.TC003_UpcomingBikePage -->
